<?xml version="1.0" encoding="UTF-8"?>
<!-- Generated by org.testng.reporters.JUnitXMLReporter -->
<testsuite ignored="0" hostname="Sandeeps-MBP.domain.name" failures="0" tests="7" name="Regression" time="12.324" errors="0" timestamp="2023-11-30T12:00:51 IST">
  <testcase classname="scenarios.Checkout" name="checkoudasdtarticle2" time="7.072"/>
  <testcase classname="scenarios.Checkout" name="checkoutarticle" time="7.344"/>
  <testcase classname="scenarios.Checkout" name="checkoutartic234le2" time="7.374"/>
  <testcase classname="scenarios.Checkout" name="checkou42342tarticle2" time="7.391"/>
  <testcase classname="scenarios.Checkout" name="checkoutaasdarticle2" time="7.392"/>
  <testcase classname="scenarios.Checkout" name="checkoutarticle2" time="4.735"/>
  <testcase classname="scenarios.Checkout" name="checkoutarticle232" time="4.734"/>
</testsuite> <!-- Regression -->
