<?xml version="1.0" encoding="UTF-8"?>
<testng-results ignored="0" total="1" passed="1" failed="0" skipped="0">
  <reporter-output>
  </reporter-output>
  <suite started-at="2023-11-29T20:03:08 IST" name="Testing all tests" finished-at="2023-11-29T20:03:16 IST" duration-ms="7838">
    <groups>
    </groups>
    <test started-at="2023-11-29T20:03:08 IST" name="Regression" finished-at="2023-11-29T20:03:16 IST" duration-ms="7838">
      <class name="scenarios.Checkout">
        <test-method is-config="true" signature="clearRecordings()[pri:0, instance:scenarios.Checkout@448ff1a8]" started-at="2023-11-29T20:03:08 IST" name="clearRecordings" finished-at="2023-11-29T20:03:08 IST" duration-ms="9" status="PASS">
          <reporter-output>
          </reporter-output>
        </test-method> <!-- clearRecordings -->
        <test-method is-config="true" signature="browserInit()[pri:0, instance:scenarios.Checkout@448ff1a8]" started-at="2023-11-29T20:03:08 IST" name="browserInit" finished-at="2023-11-29T20:03:12 IST" duration-ms="3671" status="PASS">
          <reporter-output>
          </reporter-output>
        </test-method> <!-- browserInit -->
        <test-method signature="checkoutarticle()[pri:0, instance:scenarios.Checkout@448ff1a8]" started-at="2023-11-29T20:03:12 IST" name="checkoutarticle" finished-at="2023-11-29T20:03:15 IST" duration-ms="3202" status="PASS">
          <reporter-output>
          </reporter-output>
        </test-method> <!-- checkoutarticle -->
        <test-method is-config="true" signature="closeBrowser()[pri:0, instance:scenarios.Checkout@448ff1a8]" started-at="2023-11-29T20:03:15 IST" name="closeBrowser" finished-at="2023-11-29T20:03:16 IST" duration-ms="952" status="PASS">
          <reporter-output>
          </reporter-output>
        </test-method> <!-- closeBrowser -->
      </class> <!-- scenarios.Checkout -->
    </test> <!-- Regression -->
  </suite> <!-- Testing all tests -->
</testng-results>
