<?xml version="1.0" encoding="UTF-8"?>
<testng-results ignored="0" total="7" passed="7" failed="0" skipped="0">
  <reporter-output>
  </reporter-output>
  <suite started-at="2023-11-30T12:00:39 IST" name="Testing all tests" finished-at="2023-11-30T12:00:51 IST" duration-ms="12324">
    <groups>
    </groups>
    <test started-at="2023-11-30T12:00:39 IST" name="Regression" finished-at="2023-11-30T12:00:51 IST" duration-ms="12324">
      <class name="scenarios.Checkout">
        <test-method is-config="true" signature="clearRecordings()[pri:0, instance:scenarios.Checkout@3d36e4cd]" started-at="2023-11-30T12:00:39 IST" name="clearRecordings" finished-at="2023-11-30T12:00:39 IST" duration-ms="9" status="PASS">
          <reporter-output>
          </reporter-output>
        </test-method> <!-- clearRecordings -->
        <test-method signature="checkoutaasdarticle2()[pri:0, instance:scenarios.Checkout@3d36e4cd]" started-at="2023-11-30T12:00:39 IST" name="checkoutaasdarticle2" finished-at="2023-11-30T12:00:46 IST" duration-ms="7392" status="PASS">
          <reporter-output>
          </reporter-output>
        </test-method> <!-- checkoutaasdarticle2 -->
        <test-method signature="checkoutarticle()[pri:0, instance:scenarios.Checkout@3d36e4cd]" started-at="2023-11-30T12:00:39 IST" name="checkoutarticle" finished-at="2023-11-30T12:00:46 IST" duration-ms="7344" status="PASS">
          <reporter-output>
          </reporter-output>
        </test-method> <!-- checkoutarticle -->
        <test-method signature="checkou42342tarticle2()[pri:0, instance:scenarios.Checkout@3d36e4cd]" started-at="2023-11-30T12:00:39 IST" name="checkou42342tarticle2" finished-at="2023-11-30T12:00:46 IST" duration-ms="7391" status="PASS">
          <reporter-output>
          </reporter-output>
        </test-method> <!-- checkou42342tarticle2 -->
        <test-method signature="checkoudasdtarticle2()[pri:0, instance:scenarios.Checkout@3d36e4cd]" started-at="2023-11-30T12:00:39 IST" name="checkoudasdtarticle2" finished-at="2023-11-30T12:00:46 IST" duration-ms="7072" status="PASS">
          <reporter-output>
          </reporter-output>
        </test-method> <!-- checkoudasdtarticle2 -->
        <test-method signature="checkoutartic234le2()[pri:0, instance:scenarios.Checkout@3d36e4cd]" started-at="2023-11-30T12:00:39 IST" name="checkoutartic234le2" finished-at="2023-11-30T12:00:46 IST" duration-ms="7374" status="PASS">
          <reporter-output>
          </reporter-output>
        </test-method> <!-- checkoutartic234le2 -->
        <test-method is-config="true" signature="closeBrowser()[pri:0, instance:scenarios.Checkout@3d36e4cd]" started-at="2023-11-30T12:00:46 IST" name="closeBrowser" finished-at="2023-11-30T12:00:46 IST" duration-ms="68" status="PASS">
          <reporter-output>
          </reporter-output>
        </test-method> <!-- closeBrowser -->
        <test-method signature="checkoutarticle2()[pri:0, instance:scenarios.Checkout@3d36e4cd]" started-at="2023-11-30T12:00:46 IST" name="checkoutarticle2" finished-at="2023-11-30T12:00:51 IST" duration-ms="4735" status="PASS">
          <reporter-output>
          </reporter-output>
        </test-method> <!-- checkoutarticle2 -->
        <test-method is-config="true" signature="closeBrowser()[pri:0, instance:scenarios.Checkout@3d36e4cd]" started-at="2023-11-30T12:00:46 IST" name="closeBrowser" finished-at="2023-11-30T12:00:46 IST" duration-ms="184" status="PASS">
          <reporter-output>
          </reporter-output>
        </test-method> <!-- closeBrowser -->
        <test-method is-config="true" signature="closeBrowser()[pri:0, instance:scenarios.Checkout@3d36e4cd]" started-at="2023-11-30T12:00:46 IST" name="closeBrowser" finished-at="2023-11-30T12:00:46 IST" duration-ms="221" status="PASS">
          <reporter-output>
          </reporter-output>
        </test-method> <!-- closeBrowser -->
        <test-method is-config="true" signature="closeBrowser()[pri:0, instance:scenarios.Checkout@3d36e4cd]" started-at="2023-11-30T12:00:46 IST" name="closeBrowser" finished-at="2023-11-30T12:00:46 IST" duration-ms="202" status="PASS">
          <reporter-output>
          </reporter-output>
        </test-method> <!-- closeBrowser -->
        <test-method is-config="true" signature="closeBrowser()[pri:0, instance:scenarios.Checkout@3d36e4cd]" started-at="2023-11-30T12:00:46 IST" name="closeBrowser" finished-at="2023-11-30T12:00:47 IST" duration-ms="366" status="PASS">
          <reporter-output>
          </reporter-output>
        </test-method> <!-- closeBrowser -->
        <test-method signature="checkoutarticle232()[pri:0, instance:scenarios.Checkout@3d36e4cd]" started-at="2023-11-30T12:00:46 IST" name="checkoutarticle232" finished-at="2023-11-30T12:00:51 IST" duration-ms="4734" status="PASS">
          <reporter-output>
          </reporter-output>
        </test-method> <!-- checkoutarticle232 -->
        <test-method is-config="true" signature="closeBrowser()[pri:0, instance:scenarios.Checkout@3d36e4cd]" started-at="2023-11-30T12:00:51 IST" name="closeBrowser" finished-at="2023-11-30T12:00:51 IST" duration-ms="58" status="PASS">
          <reporter-output>
          </reporter-output>
        </test-method> <!-- closeBrowser -->
        <test-method is-config="true" signature="closeBrowser()[pri:0, instance:scenarios.Checkout@3d36e4cd]" started-at="2023-11-30T12:00:51 IST" name="closeBrowser" finished-at="2023-11-30T12:00:51 IST" duration-ms="48" status="PASS">
          <reporter-output>
          </reporter-output>
        </test-method> <!-- closeBrowser -->
      </class> <!-- scenarios.Checkout -->
    </test> <!-- Regression -->
  </suite> <!-- Testing all tests -->
</testng-results>
